2022-01-20 13:03:37,573|azureml.core.run|DEBUG|Identity in use is not set. Falling back to using AMLToken
2022-01-20 13:03:37,573|azureml.core.run|DEBUG|Using AMLToken auth for remote run
2022-01-20 13:03:37,574|azureml.core.authentication.TokenRefresherDaemon|DEBUG|Starting daemon and triggering first instance
2022-01-20 13:03:37,581|azureml._restclient.clientbase|INFO|Created a worker pool for first use
2022-01-20 13:03:37,581|azureml.core.authentication|DEBUG|Time to expire 1814378.41856 seconds
2022-01-20 13:03:37,581|azureml._restclient.service_context|DEBUG|Created a static thread pool for ServiceContext class
2022-01-20 13:03:37,581|azureml._restclient.clientbase|DEBUG|ClientBase: Calling get with url None
2022-01-20 13:03:37,661|azureml._base_sdk_common.service_discovery|DEBUG|Found history service url in environment variable AZUREML_SERVICE_ENDPOINT, history service url: https://centralindia.api.azureml.ms.
2022-01-20 13:03:37,661|azureml._base_sdk_common.service_discovery|DEBUG|Found history service url in environment variable AZUREML_SERVICE_ENDPOINT, history service url: https://centralindia.api.azureml.ms.
2022-01-20 13:03:37,661|azureml._base_sdk_common.service_discovery|DEBUG|Found history service url in environment variable AZUREML_SERVICE_ENDPOINT, history service url: https://centralindia.api.azureml.ms.
2022-01-20 13:03:37,661|azureml._base_sdk_common.service_discovery|DEBUG|Found history service url in environment variable AZUREML_SERVICE_ENDPOINT, history service url: https://centralindia.api.azureml.ms.
2022-01-20 13:03:37,662|azureml._base_sdk_common.service_discovery|DEBUG|Found history service url in environment variable AZUREML_SERVICE_ENDPOINT, history service url: https://centralindia.api.azureml.ms.
2022-01-20 13:03:37,662|azureml._base_sdk_common.service_discovery|DEBUG|Found history service url in environment variable AZUREML_SERVICE_ENDPOINT, history service url: https://centralindia.api.azureml.ms.
2022-01-20 13:03:37,662|azureml._base_sdk_common.service_discovery|DEBUG|Found history service url in environment variable AZUREML_SERVICE_ENDPOINT, history service url: https://centralindia.api.azureml.ms.
2022-01-20 13:03:37,742|azureml.history._tracking.PythonWorkingDirectory|DEBUG|Execution target type: none
2022-01-20 13:03:37,743|azureml.history._tracking.PythonWorkingDirectory|DEBUG|Failed to import pyspark with error: No module named 'pyspark'
2022-01-20 13:03:37,743|azureml.history._tracking.PythonWorkingDirectory.workingdir|DEBUG|Pinning working directory for filesystems: ['pyfs']
2022-01-20 13:03:37,765|azureml._SubmittedRun#24cc44ff-5f17-41b9-a6c8-34beda0c4bc3.RunHistoryFacade.RunClient.get_by_exp_id-async:False|DEBUG|[START]
2022-01-20 13:03:37,765|azureml._SubmittedRun#24cc44ff-5f17-41b9-a6c8-34beda0c4bc3.RunHistoryFacade.RunClient|DEBUG|ClientBase: Calling get_by_exp_id with url /history/v1.0/subscriptions/{subscriptionId}/resourceGroups/{resourceGroupName}/providers/Microsoft.MachineLearningServices/workspaces/{workspaceName}/experimentids/{experimentId}/runs/{runId}
2022-01-20 13:03:37,823|azureml._SubmittedRun#24cc44ff-5f17-41b9-a6c8-34beda0c4bc3.RunHistoryFacade.RunClient.get_by_exp_id-async:False|DEBUG|[STOP]
2022-01-20 13:03:37,826|azureml._SubmittedRun#24cc44ff-5f17-41b9-a6c8-34beda0c4bc3|DEBUG|Constructing run from dto. type: azureml.StepRun, source: azureml.StepRun, props: {'ContentSnapshotId': 'c6c8c668-39c5-4244-97b7-9447867aa12a', 'StepType': 'PythonScriptStep', 'ComputeTargetType': 'AmlCompute', 'azureml.moduleid': '913fd0c0-58fb-54ce-84f1-b60bf06c9648', 'azureml.moduleName': 'azureml://Train Model', 'azureml.moduleVersion': '0.0.161', 'azureml.runsource': 'azureml.StepRun', 'azureml.nodeid': '781b4e99', 'azureml.pipelinerunid': 'b55e2cc4-9c5d-408a-905f-f84cb5593562', 'azureml.pipeline': 'b55e2cc4-9c5d-408a-905f-f84cb5593562', 'azureml.pipelineComponent': 'masterescloud', '_azureml.ComputeTargetType': 'amlcompute', 'ProcessInfoFile': 'azureml-logs/process_info.json', 'ProcessStatusFile': 'azureml-logs/process_status.json'}
2022-01-20 13:03:37,826|azureml._SubmittedRun#24cc44ff-5f17-41b9-a6c8-34beda0c4bc3.RunContextManager|DEBUG|Valid logs dir, setting up content loader
2022-01-20 13:03:37,826|azureml._SubmittedRun#24cc44ff-5f17-41b9-a6c8-34beda0c4bc3.RunHistoryFacade.MetricsClient|DEBUG|[START]
2022-01-20 13:03:39,486|azureml.core.run|DEBUG|Identity in use is not set. Falling back to using AMLToken
2022-01-20 13:03:39,486|azureml.core.run|DEBUG|Using AMLToken auth for remote run
2022-01-20 13:03:39,486|azureml._restclient.service_context|DEBUG|Access an existing static threadpool for ServiceContext class
2022-01-20 13:03:39,486|azureml._base_sdk_common.service_discovery|DEBUG|Found history service url in environment variable AZUREML_SERVICE_ENDPOINT, history service url: https://centralindia.api.azureml.ms.
2022-01-20 13:03:39,486|azureml._base_sdk_common.service_discovery|DEBUG|Found history service url in environment variable AZUREML_SERVICE_ENDPOINT, history service url: https://centralindia.api.azureml.ms.
2022-01-20 13:03:39,486|azureml._base_sdk_common.service_discovery|DEBUG|Found history service url in environment variable AZUREML_SERVICE_ENDPOINT, history service url: https://centralindia.api.azureml.ms.
2022-01-20 13:03:39,486|azureml._base_sdk_common.service_discovery|DEBUG|Found history service url in environment variable AZUREML_SERVICE_ENDPOINT, history service url: https://centralindia.api.azureml.ms.
2022-01-20 13:03:39,487|azureml._base_sdk_common.service_discovery|DEBUG|Found history service url in environment variable AZUREML_SERVICE_ENDPOINT, history service url: https://centralindia.api.azureml.ms.
2022-01-20 13:03:39,487|azureml._base_sdk_common.service_discovery|DEBUG|Found history service url in environment variable AZUREML_SERVICE_ENDPOINT, history service url: https://centralindia.api.azureml.ms.
2022-01-20 13:03:39,487|azureml._base_sdk_common.service_discovery|DEBUG|Found history service url in environment variable AZUREML_SERVICE_ENDPOINT, history service url: https://centralindia.api.azureml.ms.
2022-01-20 13:03:40,587|azureml.core.run|DEBUG|Identity in use is not set. Falling back to using AMLToken
2022-01-20 13:03:40,587|azureml.core.run|DEBUG|Using AMLToken auth for remote run
2022-01-20 13:03:40,587|azureml._restclient.service_context|DEBUG|Access an existing static threadpool for ServiceContext class
2022-01-20 13:03:40,587|azureml._base_sdk_common.service_discovery|DEBUG|Found history service url in environment variable AZUREML_SERVICE_ENDPOINT, history service url: https://centralindia.api.azureml.ms.
2022-01-20 13:03:40,587|azureml._base_sdk_common.service_discovery|DEBUG|Found history service url in environment variable AZUREML_SERVICE_ENDPOINT, history service url: https://centralindia.api.azureml.ms.
2022-01-20 13:03:40,587|azureml._base_sdk_common.service_discovery|DEBUG|Found history service url in environment variable AZUREML_SERVICE_ENDPOINT, history service url: https://centralindia.api.azureml.ms.
2022-01-20 13:03:40,587|azureml._base_sdk_common.service_discovery|DEBUG|Found history service url in environment variable AZUREML_SERVICE_ENDPOINT, history service url: https://centralindia.api.azureml.ms.
2022-01-20 13:03:40,588|azureml._base_sdk_common.service_discovery|DEBUG|Found history service url in environment variable AZUREML_SERVICE_ENDPOINT, history service url: https://centralindia.api.azureml.ms.
2022-01-20 13:03:40,588|azureml._base_sdk_common.service_discovery|DEBUG|Found history service url in environment variable AZUREML_SERVICE_ENDPOINT, history service url: https://centralindia.api.azureml.ms.
2022-01-20 13:03:40,588|azureml._base_sdk_common.service_discovery|DEBUG|Found history service url in environment variable AZUREML_SERVICE_ENDPOINT, history service url: https://centralindia.api.azureml.ms.
2022-01-20 13:03:40,594|azureml._SubmittedRun#24cc44ff-5f17-41b9-a6c8-34beda0c4bc3.RunHistoryFacade.ArtifactsClient|DEBUG|Uploading ['trained_model_outputs/_meta.yaml', 'trained_model_outputs/data.ilearner', 'trained_model_outputs/_samples.json', 'trained_model_outputs/model_spec.yaml', 'trained_model_outputs/_schema.json', 'trained_model_outputs/score.py', 'trained_model_outputs/conda_env.yaml']
2022-01-20 13:03:40,594|azureml._SubmittedRun#24cc44ff-5f17-41b9-a6c8-34beda0c4bc3.RunHistoryFacade.ArtifactsClient.upload_files|DEBUG|Overriding default timeout to 300
2022-01-20 13:03:40,594|azureml._SubmittedRun#24cc44ff-5f17-41b9-a6c8-34beda0c4bc3.RunHistoryFacade.ArtifactsClient.upload_files|DEBUG|[Start]
2022-01-20 13:03:40,595|azureml._SubmittedRun#24cc44ff-5f17-41b9-a6c8-34beda0c4bc3.RunHistoryFacade.ArtifactsClient.batch_create_empty_artifacts-async:False|DEBUG|[START]
2022-01-20 13:03:40,595|azureml._SubmittedRun#24cc44ff-5f17-41b9-a6c8-34beda0c4bc3.RunHistoryFacade.ArtifactsClient|DEBUG|ClientBase: Calling batch_create_empty_artifacts with url /artifact/v2.0/subscriptions/{subscriptionId}/resourceGroups/{resourceGroupName}/providers/Microsoft.MachineLearningServices/workspaces/{workspaceName}/artifacts/batch/metadata/{origin}/{container}
2022-01-20 13:03:40,840|azureml._SubmittedRun#24cc44ff-5f17-41b9-a6c8-34beda0c4bc3.RunHistoryFacade.ArtifactsClient.batch_create_empty_artifacts-async:False|DEBUG|[STOP]
2022-01-20 13:03:40,840|azureml._restclient.service_context.WorkerPool|DEBUG|submitting future: perform_upload
2022-01-20 13:03:40,840|azureml._SubmittedRun#24cc44ff-5f17-41b9-a6c8-34beda0c4bc3.RunHistoryFacade.ArtifactsClient.upload_files.0_perform_upload|DEBUG|Using basic handler - no exception handling
2022-01-20 13:03:40,840|azureml._SubmittedRun#24cc44ff-5f17-41b9-a6c8-34beda0c4bc3.RunHistoryFacade.ArtifactsClient.upload_files|DEBUG|Adding task 0_perform_upload to queue of approximate size: 0
2022-01-20 13:03:40,840|azureml._restclient.service_context.WorkerPool|DEBUG|submitting future: perform_upload
2022-01-20 13:03:40,841|azureml._restclient.clientbase|DEBUG|ClientBase: Calling create_blob_from_stream with url None
2022-01-20 13:03:40,841|azureml._SubmittedRun#24cc44ff-5f17-41b9-a6c8-34beda0c4bc3.RunHistoryFacade.ArtifactsClient.upload_files.1_perform_upload|DEBUG|Using basic handler - no exception handling
2022-01-20 13:03:40,842|azureml._SubmittedRun#24cc44ff-5f17-41b9-a6c8-34beda0c4bc3.RunHistoryFacade.ArtifactsClient.upload_files|DEBUG|Adding task 1_perform_upload to queue of approximate size: 1
2022-01-20 13:03:40,842|azureml._restclient.service_context.WorkerPool|DEBUG|submitting future: perform_upload
2022-01-20 13:03:40,842|azureml._restclient.clientbase|DEBUG|ClientBase: Calling create_blob_from_stream with url None
2022-01-20 13:03:40,843|azureml._SubmittedRun#24cc44ff-5f17-41b9-a6c8-34beda0c4bc3.RunHistoryFacade.ArtifactsClient.upload_files.2_perform_upload|DEBUG|Using basic handler - no exception handling
2022-01-20 13:03:40,843|azureml._SubmittedRun#24cc44ff-5f17-41b9-a6c8-34beda0c4bc3.RunHistoryFacade.ArtifactsClient.upload_files|DEBUG|Adding task 2_perform_upload to queue of approximate size: 2
2022-01-20 13:03:40,843|azureml._restclient.service_context.WorkerPool|DEBUG|submitting future: perform_upload
2022-01-20 13:03:40,848|azureml._SubmittedRun#24cc44ff-5f17-41b9-a6c8-34beda0c4bc3.RunHistoryFacade.ArtifactsClient.upload_files.3_perform_upload|DEBUG|Using basic handler - no exception handling
2022-01-20 13:03:40,849|azureml._SubmittedRun#24cc44ff-5f17-41b9-a6c8-34beda0c4bc3.RunHistoryFacade.ArtifactsClient.upload_files|DEBUG|Adding task 3_perform_upload to queue of approximate size: 3
2022-01-20 13:03:40,849|azureml._restclient.service_context.WorkerPool|DEBUG|submitting future: perform_upload
2022-01-20 13:03:40,852|azureml._restclient.clientbase|DEBUG|ClientBase: Calling create_blob_from_stream with url None
2022-01-20 13:03:40,853|azureml._restclient.clientbase|DEBUG|ClientBase: Calling create_blob_from_stream with url None
2022-01-20 13:03:40,853|azureml._SubmittedRun#24cc44ff-5f17-41b9-a6c8-34beda0c4bc3.RunHistoryFacade.ArtifactsClient.upload_files.4_perform_upload|DEBUG|Using basic handler - no exception handling
2022-01-20 13:03:40,855|azureml._SubmittedRun#24cc44ff-5f17-41b9-a6c8-34beda0c4bc3.RunHistoryFacade.ArtifactsClient.upload_files|DEBUG|Adding task 4_perform_upload to queue of approximate size: 4
2022-01-20 13:03:40,855|azureml._restclient.service_context.WorkerPool|DEBUG|submitting future: perform_upload
2022-01-20 13:03:40,855|azureml._restclient.clientbase|DEBUG|ClientBase: Calling create_blob_from_stream with url None
2022-01-20 13:03:40,868|azureml._SubmittedRun#24cc44ff-5f17-41b9-a6c8-34beda0c4bc3.RunHistoryFacade.ArtifactsClient.upload_files.5_perform_upload|DEBUG|Using basic handler - no exception handling
2022-01-20 13:03:40,868|azureml._SubmittedRun#24cc44ff-5f17-41b9-a6c8-34beda0c4bc3.RunHistoryFacade.ArtifactsClient.upload_files|DEBUG|Adding task 5_perform_upload to queue of approximate size: 5
2022-01-20 13:03:40,869|azureml._restclient.service_context.WorkerPool|DEBUG|submitting future: perform_upload
2022-01-20 13:03:40,869|azureml._restclient.clientbase|DEBUG|ClientBase: Calling create_blob_from_stream with url None
2022-01-20 13:03:40,878|azureml._restclient.clientbase|DEBUG|ClientBase: Calling create_blob_from_stream with url None
2022-01-20 13:03:40,885|azureml._SubmittedRun#24cc44ff-5f17-41b9-a6c8-34beda0c4bc3.RunHistoryFacade.ArtifactsClient.upload_files.6_perform_upload|DEBUG|Using basic handler - no exception handling
2022-01-20 13:03:40,894|azureml._SubmittedRun#24cc44ff-5f17-41b9-a6c8-34beda0c4bc3.RunHistoryFacade.ArtifactsClient.upload_files|DEBUG|Adding task 6_perform_upload to queue of approximate size: 6
2022-01-20 13:03:40,894|azureml._SubmittedRun#24cc44ff-5f17-41b9-a6c8-34beda0c4bc3.RunHistoryFacade.ArtifactsClient.upload_files|DEBUG|[Stop] - waiting default timeout
2022-01-20 13:03:40,894|azureml._SubmittedRun#24cc44ff-5f17-41b9-a6c8-34beda0c4bc3.RunHistoryFacade.ArtifactsClient.upload_files.WaitFlushSource:upload_files|DEBUG|[START]
2022-01-20 13:03:40,894|azureml._SubmittedRun#24cc44ff-5f17-41b9-a6c8-34beda0c4bc3.RunHistoryFacade.ArtifactsClient.upload_files.WaitFlushSource:upload_files|DEBUG|Overriding default flush timeout from None to 300
2022-01-20 13:03:40,894|azureml._SubmittedRun#24cc44ff-5f17-41b9-a6c8-34beda0c4bc3.RunHistoryFacade.ArtifactsClient.upload_files.WaitFlushSource:upload_files|DEBUG|Waiting 300 seconds on tasks: [AsyncTask(0_perform_upload), AsyncTask(1_perform_upload), AsyncTask(2_perform_upload), AsyncTask(3_perform_upload), AsyncTask(4_perform_upload), AsyncTask(5_perform_upload), AsyncTask(6_perform_upload)].
2022-01-20 13:03:40,941|azureml._file_utils.upload|DEBUG|Uploaded blob ExperimentRun/dcid.24cc44ff-5f17-41b9-a6c8-34beda0c4bc3/trained_model_outputs/data.ilearner with size 6201, file size 6201.
2022-01-20 13:03:40,946|azureml._file_utils.upload|DEBUG|Uploaded blob ExperimentRun/dcid.24cc44ff-5f17-41b9-a6c8-34beda0c4bc3/trained_model_outputs/_samples.json with size 1057, file size 1057.
2022-01-20 13:03:40,966|azureml._file_utils.upload|DEBUG|Uploaded blob ExperimentRun/dcid.24cc44ff-5f17-41b9-a6c8-34beda0c4bc3/trained_model_outputs/model_spec.yaml with size 52, file size 52.
2022-01-20 13:03:40,979|azureml._file_utils.upload|DEBUG|Uploaded blob ExperimentRun/dcid.24cc44ff-5f17-41b9-a6c8-34beda0c4bc3/trained_model_outputs/conda_env.yaml with size 201, file size 201.
2022-01-20 13:03:40,987|azureml._file_utils.upload|DEBUG|Uploaded blob ExperimentRun/dcid.24cc44ff-5f17-41b9-a6c8-34beda0c4bc3/trained_model_outputs/_meta.yaml with size 117, file size 117.
2022-01-20 13:03:40,988|azureml._file_utils.upload|DEBUG|Uploaded blob ExperimentRun/dcid.24cc44ff-5f17-41b9-a6c8-34beda0c4bc3/trained_model_outputs/score.py with size 1271, file size 1271.
2022-01-20 13:03:41,001|azureml._file_utils.upload|DEBUG|Uploaded blob ExperimentRun/dcid.24cc44ff-5f17-41b9-a6c8-34beda0c4bc3/trained_model_outputs/_schema.json with size 1914, file size 1914.
2022-01-20 13:03:41,145|azureml._SubmittedRun#24cc44ff-5f17-41b9-a6c8-34beda0c4bc3.RunHistoryFacade.ArtifactsClient.upload_files.0_perform_upload.WaitingTask|DEBUG|[START]
2022-01-20 13:03:41,145|azureml._SubmittedRun#24cc44ff-5f17-41b9-a6c8-34beda0c4bc3.RunHistoryFacade.ArtifactsClient.upload_files.0_perform_upload.WaitingTask|DEBUG|Awaiter is upload_files
2022-01-20 13:03:41,145|azureml._SubmittedRun#24cc44ff-5f17-41b9-a6c8-34beda0c4bc3.RunHistoryFacade.ArtifactsClient.upload_files.0_perform_upload.WaitingTask|DEBUG|[STOP]
2022-01-20 13:03:41,145|azureml._SubmittedRun#24cc44ff-5f17-41b9-a6c8-34beda0c4bc3.RunHistoryFacade.ArtifactsClient.upload_files.1_perform_upload.WaitingTask|DEBUG|[START]
2022-01-20 13:03:41,145|azureml._SubmittedRun#24cc44ff-5f17-41b9-a6c8-34beda0c4bc3.RunHistoryFacade.ArtifactsClient.upload_files.1_perform_upload.WaitingTask|DEBUG|Awaiter is upload_files
2022-01-20 13:03:41,145|azureml._SubmittedRun#24cc44ff-5f17-41b9-a6c8-34beda0c4bc3.RunHistoryFacade.ArtifactsClient.upload_files.1_perform_upload.WaitingTask|DEBUG|[STOP]
2022-01-20 13:03:41,145|azureml._SubmittedRun#24cc44ff-5f17-41b9-a6c8-34beda0c4bc3.RunHistoryFacade.ArtifactsClient.upload_files.2_perform_upload.WaitingTask|DEBUG|[START]
2022-01-20 13:03:41,145|azureml._SubmittedRun#24cc44ff-5f17-41b9-a6c8-34beda0c4bc3.RunHistoryFacade.ArtifactsClient.upload_files.2_perform_upload.WaitingTask|DEBUG|Awaiter is upload_files
2022-01-20 13:03:41,145|azureml._SubmittedRun#24cc44ff-5f17-41b9-a6c8-34beda0c4bc3.RunHistoryFacade.ArtifactsClient.upload_files.2_perform_upload.WaitingTask|DEBUG|[STOP]
2022-01-20 13:03:41,145|azureml._SubmittedRun#24cc44ff-5f17-41b9-a6c8-34beda0c4bc3.RunHistoryFacade.ArtifactsClient.upload_files.3_perform_upload.WaitingTask|DEBUG|[START]
2022-01-20 13:03:41,145|azureml._SubmittedRun#24cc44ff-5f17-41b9-a6c8-34beda0c4bc3.RunHistoryFacade.ArtifactsClient.upload_files.3_perform_upload.WaitingTask|DEBUG|Awaiter is upload_files
2022-01-20 13:03:41,145|azureml._SubmittedRun#24cc44ff-5f17-41b9-a6c8-34beda0c4bc3.RunHistoryFacade.ArtifactsClient.upload_files.3_perform_upload.WaitingTask|DEBUG|[STOP]
2022-01-20 13:03:41,145|azureml._SubmittedRun#24cc44ff-5f17-41b9-a6c8-34beda0c4bc3.RunHistoryFacade.ArtifactsClient.upload_files.4_perform_upload.WaitingTask|DEBUG|[START]
2022-01-20 13:03:41,145|azureml._SubmittedRun#24cc44ff-5f17-41b9-a6c8-34beda0c4bc3.RunHistoryFacade.ArtifactsClient.upload_files.4_perform_upload.WaitingTask|DEBUG|Awaiter is upload_files
2022-01-20 13:03:41,146|azureml._SubmittedRun#24cc44ff-5f17-41b9-a6c8-34beda0c4bc3.RunHistoryFacade.ArtifactsClient.upload_files.4_perform_upload.WaitingTask|DEBUG|[STOP]
2022-01-20 13:03:41,146|azureml._SubmittedRun#24cc44ff-5f17-41b9-a6c8-34beda0c4bc3.RunHistoryFacade.ArtifactsClient.upload_files.5_perform_upload.WaitingTask|DEBUG|[START]
2022-01-20 13:03:41,146|azureml._SubmittedRun#24cc44ff-5f17-41b9-a6c8-34beda0c4bc3.RunHistoryFacade.ArtifactsClient.upload_files.5_perform_upload.WaitingTask|DEBUG|Awaiter is upload_files
2022-01-20 13:03:41,146|azureml._SubmittedRun#24cc44ff-5f17-41b9-a6c8-34beda0c4bc3.RunHistoryFacade.ArtifactsClient.upload_files.5_perform_upload.WaitingTask|DEBUG|[STOP]
2022-01-20 13:03:41,146|azureml._SubmittedRun#24cc44ff-5f17-41b9-a6c8-34beda0c4bc3.RunHistoryFacade.ArtifactsClient.upload_files.6_perform_upload.WaitingTask|DEBUG|[START]
2022-01-20 13:03:41,146|azureml._SubmittedRun#24cc44ff-5f17-41b9-a6c8-34beda0c4bc3.RunHistoryFacade.ArtifactsClient.upload_files.6_perform_upload.WaitingTask|DEBUG|Awaiter is upload_files
2022-01-20 13:03:41,146|azureml._SubmittedRun#24cc44ff-5f17-41b9-a6c8-34beda0c4bc3.RunHistoryFacade.ArtifactsClient.upload_files.6_perform_upload.WaitingTask|DEBUG|[STOP]
2022-01-20 13:03:41,146|azureml._SubmittedRun#24cc44ff-5f17-41b9-a6c8-34beda0c4bc3.RunHistoryFacade.ArtifactsClient.upload_files|DEBUG|Waiting on task: 0_perform_upload.
Waiting on task: 1_perform_upload.
Waiting on task: 2_perform_upload.
Waiting on task: 3_perform_upload.
Waiting on task: 4_perform_upload.
Waiting on task: 5_perform_upload.
Waiting on task: 6_perform_upload.
7 tasks left. Current duration of flush 9.5367431640625e-05 seconds.

2022-01-20 13:03:41,146|azureml._SubmittedRun#24cc44ff-5f17-41b9-a6c8-34beda0c4bc3.RunHistoryFacade.ArtifactsClient.upload_files.WaitFlushSource:upload_files|DEBUG|[STOP]
2022-01-20 13:03:41,146|azureml._SubmittedRun#24cc44ff-5f17-41b9-a6c8-34beda0c4bc3.RunHistoryFacade.MetricsClient.FlushingMetricsClient|DEBUG|[START]
2022-01-20 13:03:41,146|azureml._SubmittedRun#24cc44ff-5f17-41b9-a6c8-34beda0c4bc3.RunHistoryFacade.MetricsClient|DEBUG|Overrides: Max batch size: 50, batch cushion: 5, Interval: 1.
2022-01-20 13:03:41,146|azureml._SubmittedRun#24cc44ff-5f17-41b9-a6c8-34beda0c4bc3.RunHistoryFacade.MetricsClient.PostMetricsBatch.PostMetricsBatchDaemon|DEBUG|Starting daemon and triggering first instance
2022-01-20 13:03:41,146|azureml._SubmittedRun#24cc44ff-5f17-41b9-a6c8-34beda0c4bc3.RunHistoryFacade.MetricsClient|DEBUG|Used <class 'azureml._common.async_utils.batch_task_queue.BatchTaskQueue'> for use_batch=True.
2022-01-20 13:03:41,147|azureml._SubmittedRun#24cc44ff-5f17-41b9-a6c8-34beda0c4bc3.RunHistoryFacade.MetricsClient.PostMetricsBatch.WaitFlushSource:MetricsClient|DEBUG|[START]
2022-01-20 13:03:41,147|azureml._SubmittedRun#24cc44ff-5f17-41b9-a6c8-34beda0c4bc3.RunHistoryFacade.MetricsClient.PostMetricsBatch.WaitFlushSource:MetricsClient|DEBUG|flush timeout 300 is different from task queue timeout 120, using flush timeout
2022-01-20 13:03:41,147|azureml._SubmittedRun#24cc44ff-5f17-41b9-a6c8-34beda0c4bc3.RunHistoryFacade.MetricsClient.PostMetricsBatch.WaitFlushSource:MetricsClient|DEBUG|Waiting 300 seconds on tasks: [].
2022-01-20 13:03:41,147|azureml._SubmittedRun#24cc44ff-5f17-41b9-a6c8-34beda0c4bc3.RunHistoryFacade.MetricsClient.PostMetricsBatch|DEBUG|
2022-01-20 13:03:41,147|azureml._SubmittedRun#24cc44ff-5f17-41b9-a6c8-34beda0c4bc3.RunHistoryFacade.MetricsClient.PostMetricsBatch.WaitFlushSource:MetricsClient|DEBUG|[STOP]
2022-01-20 13:03:41,147|azureml._SubmittedRun#24cc44ff-5f17-41b9-a6c8-34beda0c4bc3.RunHistoryFacade.MetricsClient|DEBUG|Overrides: Max batch size: 50, batch cushion: 5, Interval: 1.
2022-01-20 13:03:41,147|azureml._SubmittedRun#24cc44ff-5f17-41b9-a6c8-34beda0c4bc3.RunHistoryFacade.MetricsClient.PostMetricsBatchV2.PostMetricsBatchV2Daemon|DEBUG|Starting daemon and triggering first instance
2022-01-20 13:03:41,147|azureml._SubmittedRun#24cc44ff-5f17-41b9-a6c8-34beda0c4bc3.RunHistoryFacade.MetricsClient|DEBUG|Used <class 'azureml._common.async_utils.batch_task_queue.BatchTaskQueue'> for use_batch=True.
2022-01-20 13:03:41,147|azureml._SubmittedRun#24cc44ff-5f17-41b9-a6c8-34beda0c4bc3.RunHistoryFacade.MetricsClient.PostMetricsBatchV2.WaitFlushSource:MetricsClient|DEBUG|[START]
2022-01-20 13:03:41,147|azureml._SubmittedRun#24cc44ff-5f17-41b9-a6c8-34beda0c4bc3.RunHistoryFacade.MetricsClient.PostMetricsBatchV2.WaitFlushSource:MetricsClient|DEBUG|flush timeout 300 is different from task queue timeout 120, using flush timeout
2022-01-20 13:03:41,147|azureml._SubmittedRun#24cc44ff-5f17-41b9-a6c8-34beda0c4bc3.RunHistoryFacade.MetricsClient.PostMetricsBatchV2.WaitFlushSource:MetricsClient|DEBUG|Waiting 300 seconds on tasks: [].
2022-01-20 13:03:41,147|azureml._SubmittedRun#24cc44ff-5f17-41b9-a6c8-34beda0c4bc3.RunHistoryFacade.MetricsClient.PostMetricsBatchV2|DEBUG|
2022-01-20 13:03:41,147|azureml._SubmittedRun#24cc44ff-5f17-41b9-a6c8-34beda0c4bc3.RunHistoryFacade.MetricsClient.PostMetricsBatchV2.WaitFlushSource:MetricsClient|DEBUG|[STOP]
2022-01-20 13:03:41,147|azureml._SubmittedRun#24cc44ff-5f17-41b9-a6c8-34beda0c4bc3.RunHistoryFacade.MetricsClient.FlushingMetricsClient|DEBUG|[STOP]
2022-01-20 13:03:41,148|azureml._SubmittedRun#24cc44ff-5f17-41b9-a6c8-34beda0c4bc3.RunHistoryFacade.MetricsClient.wait_on_ingest-async:False|DEBUG|[START]
2022-01-20 13:03:41,148|azureml._SubmittedRun#24cc44ff-5f17-41b9-a6c8-34beda0c4bc3.RunHistoryFacade.MetricsClient|DEBUG|ClientBase: Calling wait_on_ingest with url /history/v1.0/subscriptions/{subscriptionId}/resourceGroups/{resourceGroupName}/providers/Microsoft.MachineLearningServices/workspaces/{workspaceName}/experiments/{experimentName}/runs/{runId}/metricsingest/wait
2022-01-20 13:03:41,215|azureml._SubmittedRun#24cc44ff-5f17-41b9-a6c8-34beda0c4bc3.RunHistoryFacade.MetricsClient.wait_on_ingest-async:False|DEBUG|[STOP]
2022-01-20 13:03:41,216|azureml.core.run|DEBUG|Identity in use is not set. Falling back to using AMLToken
2022-01-20 13:03:41,216|azureml.core.run|DEBUG|Using AMLToken auth for remote run
2022-01-20 13:03:41,216|azureml._restclient.service_context|DEBUG|Access an existing static threadpool for ServiceContext class
2022-01-20 13:03:41,216|azureml._base_sdk_common.service_discovery|DEBUG|Found history service url in environment variable AZUREML_SERVICE_ENDPOINT, history service url: https://centralindia.api.azureml.ms.
2022-01-20 13:03:41,217|azureml._base_sdk_common.service_discovery|DEBUG|Found history service url in environment variable AZUREML_SERVICE_ENDPOINT, history service url: https://centralindia.api.azureml.ms.
2022-01-20 13:03:41,217|azureml._base_sdk_common.service_discovery|DEBUG|Found history service url in environment variable AZUREML_SERVICE_ENDPOINT, history service url: https://centralindia.api.azureml.ms.
2022-01-20 13:03:41,217|azureml._base_sdk_common.service_discovery|DEBUG|Found history service url in environment variable AZUREML_SERVICE_ENDPOINT, history service url: https://centralindia.api.azureml.ms.
2022-01-20 13:03:41,217|azureml._base_sdk_common.service_discovery|DEBUG|Found history service url in environment variable AZUREML_SERVICE_ENDPOINT, history service url: https://centralindia.api.azureml.ms.
2022-01-20 13:03:41,217|azureml._base_sdk_common.service_discovery|DEBUG|Found history service url in environment variable AZUREML_SERVICE_ENDPOINT, history service url: https://centralindia.api.azureml.ms.
2022-01-20 13:03:41,217|azureml._base_sdk_common.service_discovery|DEBUG|Found history service url in environment variable AZUREML_SERVICE_ENDPOINT, history service url: https://centralindia.api.azureml.ms.
2022-01-20 13:03:41,224|azureml._SubmittedRun#24cc44ff-5f17-41b9-a6c8-34beda0c4bc3.RunHistoryFacade.ArtifactsClient|DEBUG|Called upload_artifact
2022-01-20 13:03:41,224|azureml._SubmittedRun#24cc44ff-5f17-41b9-a6c8-34beda0c4bc3.RunHistoryFacade.ArtifactsClient|DEBUG|Uploading io artifact
2022-01-20 13:03:41,224|azureml._SubmittedRun#24cc44ff-5f17-41b9-a6c8-34beda0c4bc3.RunHistoryFacade.ArtifactsClient.batch_create_empty_artifacts-async:False|DEBUG|[START]
2022-01-20 13:03:41,224|azureml._SubmittedRun#24cc44ff-5f17-41b9-a6c8-34beda0c4bc3.RunHistoryFacade.ArtifactsClient|DEBUG|ClientBase: Calling batch_create_empty_artifacts with url /artifact/v2.0/subscriptions/{subscriptionId}/resourceGroups/{resourceGroupName}/providers/Microsoft.MachineLearningServices/workspaces/{workspaceName}/artifacts/batch/metadata/{origin}/{container}
2022-01-20 13:03:41,364|azureml._SubmittedRun#24cc44ff-5f17-41b9-a6c8-34beda0c4bc3.RunHistoryFacade.ArtifactsClient.batch_create_empty_artifacts-async:False|DEBUG|[STOP]
2022-01-20 13:03:41,364|azureml._restclient.clientbase|DEBUG|ClientBase: Calling create_blob_from_stream with url None
2022-01-20 13:03:41,410|azureml._file_utils.upload|DEBUG|Uploaded blob ExperimentRun/dcid.24cc44ff-5f17-41b9-a6c8-34beda0c4bc3/module_statistics/error_info.json with size 23, file size 23.
2022-01-20 13:03:41,410|azureml._SubmittedRun#24cc44ff-5f17-41b9-a6c8-34beda0c4bc3.RunHistoryFacade.MetricsClient.FlushingMetricsClient|DEBUG|[START]
2022-01-20 13:03:41,411|azureml._SubmittedRun#24cc44ff-5f17-41b9-a6c8-34beda0c4bc3.RunHistoryFacade.MetricsClient.PostMetricsBatch.WaitFlushSource:MetricsClient|DEBUG|[START]
2022-01-20 13:03:41,411|azureml._SubmittedRun#24cc44ff-5f17-41b9-a6c8-34beda0c4bc3.RunHistoryFacade.MetricsClient.PostMetricsBatch.WaitFlushSource:MetricsClient|DEBUG|flush timeout 120 is different from task queue timeout 120, using flush timeout
2022-01-20 13:03:41,411|azureml._SubmittedRun#24cc44ff-5f17-41b9-a6c8-34beda0c4bc3.RunHistoryFacade.MetricsClient.PostMetricsBatch.WaitFlushSource:MetricsClient|DEBUG|Waiting 120 seconds on tasks: [].
2022-01-20 13:03:41,411|azureml._SubmittedRun#24cc44ff-5f17-41b9-a6c8-34beda0c4bc3.RunHistoryFacade.MetricsClient.PostMetricsBatch|DEBUG|
2022-01-20 13:03:41,411|azureml._SubmittedRun#24cc44ff-5f17-41b9-a6c8-34beda0c4bc3.RunHistoryFacade.MetricsClient.PostMetricsBatch.WaitFlushSource:MetricsClient|DEBUG|[STOP]
2022-01-20 13:03:41,411|azureml._SubmittedRun#24cc44ff-5f17-41b9-a6c8-34beda0c4bc3.RunHistoryFacade.MetricsClient.PostMetricsBatchV2.WaitFlushSource:MetricsClient|DEBUG|[START]
2022-01-20 13:03:41,411|azureml._SubmittedRun#24cc44ff-5f17-41b9-a6c8-34beda0c4bc3.RunHistoryFacade.MetricsClient.PostMetricsBatchV2.WaitFlushSource:MetricsClient|DEBUG|flush timeout 120 is different from task queue timeout 120, using flush timeout
2022-01-20 13:03:41,411|azureml._SubmittedRun#24cc44ff-5f17-41b9-a6c8-34beda0c4bc3.RunHistoryFacade.MetricsClient.PostMetricsBatchV2.WaitFlushSource:MetricsClient|DEBUG|Waiting 120 seconds on tasks: [].
2022-01-20 13:03:41,411|azureml._SubmittedRun#24cc44ff-5f17-41b9-a6c8-34beda0c4bc3.RunHistoryFacade.MetricsClient.PostMetricsBatchV2|DEBUG|
2022-01-20 13:03:41,411|azureml._SubmittedRun#24cc44ff-5f17-41b9-a6c8-34beda0c4bc3.RunHistoryFacade.MetricsClient.PostMetricsBatchV2.WaitFlushSource:MetricsClient|DEBUG|[STOP]
2022-01-20 13:03:41,411|azureml._SubmittedRun#24cc44ff-5f17-41b9-a6c8-34beda0c4bc3.RunHistoryFacade.MetricsClient.FlushingMetricsClient|DEBUG|[STOP]
2022-01-20 13:03:41,411|azureml._SubmittedRun#24cc44ff-5f17-41b9-a6c8-34beda0c4bc3.RunHistoryFacade.MetricsClient.wait_on_ingest-async:False|DEBUG|[START]
2022-01-20 13:03:41,411|azureml._SubmittedRun#24cc44ff-5f17-41b9-a6c8-34beda0c4bc3.RunHistoryFacade.MetricsClient|DEBUG|ClientBase: Calling wait_on_ingest with url /history/v1.0/subscriptions/{subscriptionId}/resourceGroups/{resourceGroupName}/providers/Microsoft.MachineLearningServices/workspaces/{workspaceName}/experiments/{experimentName}/runs/{runId}/metricsingest/wait
2022-01-20 13:03:41,462|azureml._SubmittedRun#24cc44ff-5f17-41b9-a6c8-34beda0c4bc3.RunHistoryFacade.MetricsClient.wait_on_ingest-async:False|DEBUG|[STOP]
2022-01-20 13:03:41,462|azureml._SubmittedRun#24cc44ff-5f17-41b9-a6c8-34beda0c4bc3.RunHistoryFacade.MetricsClient|DEBUG|[STOP]
